  [1m[35m (8.5ms)[0m  [1m[35mCREATE TABLE "schema_migrations" ("version" character varying NOT NULL PRIMARY KEY)[0m
  [1m[35m (5.9ms)[0m  [1m[35mCREATE TABLE "ar_internal_metadata" ("key" character varying NOT NULL PRIMARY KEY, "value" character varying, "created_at" timestamp(6) NOT NULL, "updated_at" timestamp(6) NOT NULL)[0m
  [1m[35m (0.9ms)[0m  [1m[34mSELECT pg_try_advisory_lock(3978878207179910370)[0m
  [1m[36mActiveRecord::SchemaMigration Pluck (0.7ms)[0m  [1m[34mSELECT "schema_migrations"."version" FROM "schema_migrations" ORDER BY "schema_migrations"."version" ASC[0m
  [1m[36mActiveRecord::InternalMetadata Load (0.4ms)[0m  [1m[34mSELECT "ar_internal_metadata".* FROM "ar_internal_metadata" WHERE "ar_internal_metadata"."key" = $1 LIMIT $2[0m  [["key", "environment"], ["LIMIT", 1]]
  [1m[36mTRANSACTION (0.2ms)[0m  [1m[35mBEGIN[0m
  [1m[36mActiveRecord::InternalMetadata Create (0.5ms)[0m  [1m[32mINSERT INTO "ar_internal_metadata" ("key", "value", "created_at", "updated_at") VALUES ($1, $2, $3, $4) RETURNING "key"[0m  [["key", "environment"], ["value", "development"], ["created_at", "2022-07-26 14:37:14.734627"], ["updated_at", "2022-07-26 14:37:14.734627"]]
  [1m[36mTRANSACTION (0.9ms)[0m  [1m[35mCOMMIT[0m
  [1m[35m (0.3ms)[0m  [1m[34mSELECT pg_advisory_unlock(3978878207179910370)[0m
  [1m[36mActiveRecord::SchemaMigration Pluck (0.5ms)[0m  [1m[34mSELECT "schema_migrations"."version" FROM "schema_migrations" ORDER BY "schema_migrations"."version" ASC[0m
Started GET "/" for 172.27.0.1 at 2022-07-26 14:37:54 +0000
  [1m[36mActiveRecord::SchemaMigration Pluck (0.5ms)[0m  [1m[34mSELECT "schema_migrations"."version" FROM "schema_migrations" ORDER BY "schema_migrations"."version" ASC[0m
Processing by HomeController#index as HTML
  Rendering layout layouts/application.html.erb
  Rendering home/index.html.erb within layouts/application
  Rendered home/index.html.erb within layouts/application (Duration: 1.1ms | Allocations: 457)
  Rendered layout layouts/application.html.erb (Duration: 224.5ms | Allocations: 56882)
Completed 200 OK in 238ms (Views: 228.4ms | ActiveRecord: 0.0ms | Allocations: 61867)


Started GET "/" for 172.27.0.1 at 2022-07-26 14:38:06 +0000
Processing by HomeController#index as HTML
  Rendering layout layouts/application.html.erb
  Rendering home/index.html.erb within layouts/application
  Rendered home/index.html.erb within layouts/application (Duration: 0.6ms | Allocations: 351)
  Rendered layout layouts/application.html.erb (Duration: 24.1ms | Allocations: 16274)
Completed 200 OK in 34ms (Views: 26.2ms | ActiveRecord: 0.0ms | Allocations: 20086)


Started GET "/pokemon/abra" for 172.27.0.1 at 2022-07-26 14:38:10 +0000
  
ActionController::RoutingError (No route matches [GET] "/pokemon/abra"):
  
Started GET "/" for 172.27.0.1 at 2022-07-26 14:38:36 +0000
Processing by HomeController#index as HTML
  Rendering layout layouts/application.html.erb
  Rendering home/index.html.erb within layouts/application
  Rendered home/index.html.erb within layouts/application (Duration: 1.4ms | Allocations: 152)
  Rendered layout layouts/application.html.erb (Duration: 6.8ms | Allocations: 3786)
Completed 200 OK in 10ms (Views: 8.5ms | ActiveRecord: 0.0ms | Allocations: 4999)


Started GET "/pokemon/abra" for 172.27.0.1 at 2022-07-26 14:38:38 +0000
  
ActionController::RoutingError (No route matches [GET] "/pokemon/abra"):
  
Started GET "/" for 172.27.0.1 at 2022-07-26 14:39:30 +0000
Processing by HomeController#index as HTML
  Rendering layout layouts/application.html.erb
  Rendering home/index.html.erb within layouts/application
  Rendered home/index.html.erb within layouts/application (Duration: 0.1ms | Allocations: 23)
  Rendered layout layouts/application.html.erb (Duration: 4.8ms | Allocations: 3455)
Completed 200 OK in 7ms (Views: 5.9ms | ActiveRecord: 0.0ms | Allocations: 4336)


Started GET "/pokemon/abra" for 172.27.0.1 at 2022-07-26 14:39:32 +0000
  
ActionController::RoutingError (No route matches [GET] "/pokemon/abra"):
  
Started GET "/" for 172.27.0.1 at 2022-07-26 14:40:18 +0000
Processing by HomeController#index as HTML
  Rendering layout layouts/application.html.erb
  Rendering home/index.html.erb within layouts/application
  Rendered home/index.html.erb within layouts/application (Duration: 0.1ms | Allocations: 23)
  Rendered layout layouts/application.html.erb (Duration: 4.6ms | Allocations: 3457)
Completed 200 OK in 7ms (Views: 6.0ms | ActiveRecord: 0.0ms | Allocations: 4329)


Started GET "/pokemon/abra" for 172.27.0.1 at 2022-07-26 14:40:20 +0000
Processing by HomeController#pokemon as */*
  Parameters: {"name"=>"abra"}
Completed 200 OK in 154ms (Views: 0.8ms | ActiveRecord: 0.0ms | Allocations: 26609)


Started GET "/pokemon/charizard" for 172.27.0.1 at 2022-07-26 14:40:27 +0000
Processing by HomeController#pokemon as */*
  Parameters: {"name"=>"charizard"}
Completed 200 OK in 513ms (Views: 0.6ms | ActiveRecord: 0.0ms | Allocations: 19802)


Started GET "/pokemon/charizard" for 172.27.0.1 at 2022-07-26 14:40:37 +0000
Processing by HomeController#pokemon as HTML
  Parameters: {"name"=>"charizard"}
Completed 200 OK in 88ms (Views: 0.3ms | ActiveRecord: 0.0ms | Allocations: 19745)


Started GET "/" for 172.27.0.1 at 2022-07-26 14:41:00 +0000
Processing by HomeController#index as HTML
  Rendering layout layouts/application.html.erb
  Rendering home/index.html.erb within layouts/application
  Rendered home/index.html.erb within layouts/application (Duration: 0.1ms | Allocations: 17)
  Rendered layout layouts/application.html.erb (Duration: 6.4ms | Allocations: 3443)
Completed 200 OK in 8ms (Views: 7.1ms | ActiveRecord: 0.0ms | Allocations: 3978)


Started GET "/pokemon/charizard" for 172.27.0.1 at 2022-07-26 14:41:04 +0000
Processing by HomeController#pokemon as */*
  Parameters: {"name"=>"charizard"}
Completed 200 OK in 49ms (Views: 0.2ms | ActiveRecord: 0.0ms | Allocations: 19772)


Started GET "/pokemon/abra" for 172.27.0.1 at 2022-07-26 14:41:59 +0000
Processing by HomeController#pokemon as */*
  Parameters: {"name"=>"abra"}
Completed 200 OK in 75ms (Views: 0.3ms | ActiveRecord: 0.0ms | Allocations: 21331)


Started GET "/" for 172.27.0.1 at 2022-07-26 14:43:51 +0000
Processing by HomeController#index as HTML
  Rendering layout layouts/application.html.erb
  Rendering home/index.html.erb within layouts/application
  Rendered home/index.html.erb within layouts/application (Duration: 0.1ms | Allocations: 23)
  Rendered layout layouts/application.html.erb (Duration: 60.0ms | Allocations: 9517)
Completed 200 OK in 62ms (Views: 61.6ms | ActiveRecord: 0.0ms | Allocations: 10304)


Started GET "/pokemon/abra" for 172.27.0.1 at 2022-07-26 14:43:53 +0000
Processing by HomeController#pokemon as */*
  Parameters: {"name"=>"abra"}
Completed 200 OK in 1426ms (Views: 0.4ms | ActiveRecord: 0.0ms | Allocations: 16124)


Started GET "/pokemon/charizard" for 172.27.0.1 at 2022-07-26 14:44:01 +0000
Processing by HomeController#pokemon as */*
  Parameters: {"name"=>"charizard"}
Completed 200 OK in 106ms (Views: 0.3ms | ActiveRecord: 0.0ms | Allocations: 19765)


Started GET "/" for 172.27.0.1 at 2022-07-26 14:45:46 +0000
Processing by HomeController#index as HTML
  Rendering layout layouts/application.html.erb
  Rendering home/index.html.erb within layouts/application
  Rendered home/index.html.erb within layouts/application (Duration: 0.2ms | Allocations: 15)
  Rendered layout layouts/application.html.erb (Duration: 9.8ms | Allocations: 3861)
Completed 200 OK in 11ms (Views: 10.5ms | ActiveRecord: 0.0ms | Allocations: 4362)


Started GET "/pokemon/abra" for 172.27.0.1 at 2022-07-26 14:45:48 +0000
Processing by HomeController#pokemon as */*
  Parameters: {"name"=>"abra"}
Completed 200 OK in 1158ms (Views: 0.5ms | ActiveRecord: 0.0ms | Allocations: 15969)


Started GET "/pokemon/charizard" for 172.27.0.1 at 2022-07-26 14:45:55 +0000
Processing by HomeController#pokemon as */*
  Parameters: {"name"=>"charizard"}
Completed 200 OK in 75ms (Views: 0.3ms | Allocations: 19762)


Started GET "/" for 172.27.0.1 at 2022-07-26 14:47:21 +0000
Processing by HomeController#index as HTML
  Rendering layout layouts/application.html.erb
  Rendering home/index.html.erb within layouts/application
  Rendered home/index.html.erb within layouts/application (Duration: 0.1ms | Allocations: 15)
  Rendered layout layouts/application.html.erb (Duration: 87.9ms | Allocations: 9825)
Completed 200 OK in 89ms (Views: 88.6ms | Allocations: 10315)


Started GET "/pokemon/abra" for 172.27.0.1 at 2022-07-26 14:47:23 +0000
Processing by HomeController#pokemon as */*
  Parameters: {"name"=>"abra"}
Completed 200 OK in 192ms (Views: 0.8ms | Allocations: 15967)


Started GET "/pokemon/charizard" for 172.27.0.1 at 2022-07-26 14:47:27 +0000
Processing by HomeController#pokemon as */*
  Parameters: {"name"=>"charizard"}
Completed 200 OK in 65ms (Views: 0.3ms | Allocations: 19745)


Started GET "/pokemon/square" for 172.27.0.1 at 2022-07-26 14:47:35 +0000
Processing by HomeController#pokemon as */*
  Parameters: {"name"=>"square"}
Completed 200 OK in 1465ms (Views: 0.5ms | Allocations: 1205)


Started GET "/pokemon/squirtle" for 172.27.0.1 at 2022-07-26 14:48:08 +0000
Processing by HomeController#pokemon as */*
  Parameters: {"name"=>"squirtle"}
Completed 200 OK in 167ms (Views: 1.3ms | Allocations: 17636)


Started GET "/pokemon/squirtle" for 172.27.0.1 at 2022-07-26 14:49:19 +0000
Processing by HomeController#pokemon as HTML
  Parameters: {"name"=>"squirtle"}
Completed 200 OK in 46ms (Views: 0.2ms | Allocations: 17634)


